<?xml version="1.0" encoding="UTF-8"?>
<!-- Generated by org.testng.reporters.JUnitXMLReporter -->
<testsuite hostname="MININT-ADD5E5S" name="Chrome_Tests" tests="5" failures="5" timestamp="9 Aug 2016 16:55:05 GMT" time="0.17" errors="0">
  <testcase name="LoginInClasno" time="0.119" classname="Clasno.Negative_tests.LoginInClasno$LoginWithWrongPass">
    <failure type="java.lang.IllegalStateException" message="The driver executable does not exist: C:\lib\chromedriver.exe">
      <![CDATA[java.lang.IllegalStateException: The driver executable does not exist: C:\lib\chromedriver.exe
	at com.google.common.base.Preconditions.checkState(Preconditions.java:199)
	at org.openqa.selenium.remote.service.DriverService.checkExecutable(DriverService.java:121)
	at org.openqa.selenium.remote.service.DriverService.findExecutable(DriverService.java:116)
	at org.openqa.selenium.chrome.ChromeDriverService.access$0(ChromeDriverService.java:1)
	at org.openqa.selenium.chrome.ChromeDriverService$Builder.findDefaultExecutable(ChromeDriverService.java:137)
	at org.openqa.selenium.remote.service.DriverService$Builder.build(DriverService.java:296)
	at org.openqa.selenium.chrome.ChromeDriverService.createDefaultService(ChromeDriverService.java:88)
	at org.openqa.selenium.chrome.ChromeDriver.<init>(ChromeDriver.java:116)
	at Clasno.Negative_tests.LoginInClasno$LoginWithWrongPass.LoginInClasno(Unknown Source)
... Removed 23 stack frames]]>
    </failure>
  </testcase> <!-- LoginInClasno -->
  <testcase name="LoginInClasno" time="0.006" classname="Clasno.Negative_tests.LoginInClasno">
    <failure type="java.lang.IllegalStateException" message="The driver executable does not exist: C:\lib\chromedriver.exe">
      <![CDATA[java.lang.IllegalStateException: The driver executable does not exist: C:\lib\chromedriver.exe
	at com.google.common.base.Preconditions.checkState(Preconditions.java:199)
	at org.openqa.selenium.remote.service.DriverService.checkExecutable(DriverService.java:121)
	at org.openqa.selenium.remote.service.DriverService.findExecutable(DriverService.java:116)
	at org.openqa.selenium.chrome.ChromeDriverService.access$0(ChromeDriverService.java:1)
	at org.openqa.selenium.chrome.ChromeDriverService$Builder.findDefaultExecutable(ChromeDriverService.java:137)
	at org.openqa.selenium.remote.service.DriverService$Builder.build(DriverService.java:296)
	at org.openqa.selenium.chrome.ChromeDriverService.createDefaultService(ChromeDriverService.java:88)
	at org.openqa.selenium.chrome.ChromeDriver.<init>(ChromeDriver.java:116)
	at Clasno.Negative_tests.LoginInClasno.LoginInClasno(Unknown Source)
... Removed 23 stack frames]]>
    </failure>
  </testcase> <!-- LoginInClasno -->
  <testcase name="LoginInClasno" time="0.006" classname="Clasno.Positive_tests.ChangeLanguage">
    <failure type="java.lang.IllegalStateException" message="The driver executable does not exist: C:\lib\chromedriver.exe">
      <![CDATA[java.lang.IllegalStateException: The driver executable does not exist: C:\lib\chromedriver.exe
	at com.google.common.base.Preconditions.checkState(Preconditions.java:199)
	at org.openqa.selenium.remote.service.DriverService.checkExecutable(DriverService.java:121)
	at org.openqa.selenium.remote.service.DriverService.findExecutable(DriverService.java:116)
	at org.openqa.selenium.chrome.ChromeDriverService.access$0(ChromeDriverService.java:1)
	at org.openqa.selenium.chrome.ChromeDriverService$Builder.findDefaultExecutable(ChromeDriverService.java:137)
	at org.openqa.selenium.remote.service.DriverService$Builder.build(DriverService.java:296)
	at org.openqa.selenium.chrome.ChromeDriverService.createDefaultService(ChromeDriverService.java:88)
	at org.openqa.selenium.chrome.ChromeDriver.<init>(ChromeDriver.java:116)
	at Clasno.Positive_tests.ChangeLanguage.LoginInClasno(Unknown Source)
... Removed 23 stack frames]]>
    </failure>
  </testcase> <!-- LoginInClasno -->
  <testcase name="LoginInClasno" time="0.006" classname="Clasno.Positive_tests.LoginInClasno">
    <failure type="java.lang.IllegalStateException" message="The driver executable does not exist: C:\lib\chromedriver.exe">
      <![CDATA[java.lang.IllegalStateException: The driver executable does not exist: C:\lib\chromedriver.exe
	at com.google.common.base.Preconditions.checkState(Preconditions.java:199)
	at org.openqa.selenium.remote.service.DriverService.checkExecutable(DriverService.java:121)
	at org.openqa.selenium.remote.service.DriverService.findExecutable(DriverService.java:116)
	at org.openqa.selenium.chrome.ChromeDriverService.access$0(ChromeDriverService.java:1)
	at org.openqa.selenium.chrome.ChromeDriverService$Builder.findDefaultExecutable(ChromeDriverService.java:137)
	at org.openqa.selenium.remote.service.DriverService$Builder.build(DriverService.java:296)
	at org.openqa.selenium.chrome.ChromeDriverService.createDefaultService(ChromeDriverService.java:88)
	at org.openqa.selenium.chrome.ChromeDriver.<init>(ChromeDriver.java:116)
	at Clasno.Positive_tests.LoginInClasno.LoginInClasno(Unknown Source)
... Removed 23 stack frames]]>
    </failure>
  </testcase> <!-- LoginInClasno -->
  <testcase name="LoginInClasno" time="0.006" classname="Clasno.Positive_tests.MakeQuestion">
    <failure type="java.lang.IllegalStateException" message="The driver executable does not exist: C:\lib\chromedriver.exe">
      <![CDATA[java.lang.IllegalStateException: The driver executable does not exist: C:\lib\chromedriver.exe
	at com.google.common.base.Preconditions.checkState(Preconditions.java:199)
	at org.openqa.selenium.remote.service.DriverService.checkExecutable(DriverService.java:121)
	at org.openqa.selenium.remote.service.DriverService.findExecutable(DriverService.java:116)
	at org.openqa.selenium.chrome.ChromeDriverService.access$0(ChromeDriverService.java:1)
	at org.openqa.selenium.chrome.ChromeDriverService$Builder.findDefaultExecutable(ChromeDriverService.java:137)
	at org.openqa.selenium.remote.service.DriverService$Builder.build(DriverService.java:296)
	at org.openqa.selenium.chrome.ChromeDriverService.createDefaultService(ChromeDriverService.java:88)
	at org.openqa.selenium.chrome.ChromeDriver.<init>(ChromeDriver.java:116)
	at Clasno.Positive_tests.MakeQuestion.LoginInClasno(Unknown Source)
... Removed 23 stack frames]]>
    </failure>
  </testcase> <!-- LoginInClasno -->
</testsuite> <!-- Chrome_Tests -->
